Build started 31/05/2017 8:08:59 PM.
     1>Project "X:\_UTAS\BICT_3rd_year\KIT205 Data Structures and Algerithms (repeat)\Week 6 - Graphs\Week 6\Week 6\Week 6.vcxproj" on node 2 (Build target(s)).
     1>ClCompile:
         C:\Program Files (x86)\Microsoft Visual Studio 12.0\VC\bin\CL.exe /c /ZI /nologo /W3 /WX- /Od /Oy- /D WIN32 /D _DEBUG /D _CONSOLE /D _LIB /D _UNICODE /D UNICODE /Gm /EHsc /RTC1 /MDd /GS /fp:precise /Zc:wchar_t /Zc:forScope /Fo"Debug\\" /Fd"Debug\vc120.pdb" /Gd /TC /analyze- /errorReport:prompt main.c
         main.c
     1>x:\_utas\bict_3rd_year\kit205 data structures and algerithms (repeat)\week 6 - graphs\week 6\week 6\main.c(13): warning C4996: 'strcpy': This function or variable may be unsafe. Consider using strcpy_s instead. To disable deprecation, use _CRT_SECURE_NO_WARNINGS. See online help for details.
                 c:\program files (x86)\microsoft visual studio 12.0\vc\include\string.h(112) : see declaration of 'strcpy'
     1>x:\_utas\bict_3rd_year\kit205 data structures and algerithms (repeat)\week 6 - graphs\week 6\week 6\main.c(14): warning C4996: 'strcpy': This function or variable may be unsafe. Consider using strcpy_s instead. To disable deprecation, use _CRT_SECURE_NO_WARNINGS. See online help for details.
                 c:\program files (x86)\microsoft visual studio 12.0\vc\include\string.h(112) : see declaration of 'strcpy'
     1>x:\_utas\bict_3rd_year\kit205 data structures and algerithms (repeat)\week 6 - graphs\week 6\week 6\main.c(15): warning C4996: 'strcpy': This function or variable may be unsafe. Consider using strcpy_s instead. To disable deprecation, use _CRT_SECURE_NO_WARNINGS. See online help for details.
                 c:\program files (x86)\microsoft visual studio 12.0\vc\include\string.h(112) : see declaration of 'strcpy'
     1>x:\_utas\bict_3rd_year\kit205 data structures and algerithms (repeat)\week 6 - graphs\week 6\week 6\main.c(62): warning C4996: 'scanf': This function or variable may be unsafe. Consider using scanf_s instead. To disable deprecation, use _CRT_SECURE_NO_WARNINGS. See online help for details.
                 c:\program files (x86)\microsoft visual studio 12.0\vc\include\stdio.h(283) : see declaration of 'scanf'
     1>x:\_utas\bict_3rd_year\kit205 data structures and algerithms (repeat)\week 6 - graphs\week 6\week 6\main.c(69): warning C4996: 'scanf': This function or variable may be unsafe. Consider using scanf_s instead. To disable deprecation, use _CRT_SECURE_NO_WARNINGS. See online help for details.
                 c:\program files (x86)\microsoft visual studio 12.0\vc\include\stdio.h(283) : see declaration of 'scanf'
     1>x:\_utas\bict_3rd_year\kit205 data structures and algerithms (repeat)\week 6 - graphs\week 6\week 6\main.c(73): warning C4996: 'strcpy': This function or variable may be unsafe. Consider using strcpy_s instead. To disable deprecation, use _CRT_SECURE_NO_WARNINGS. See online help for details.
                 c:\program files (x86)\microsoft visual studio 12.0\vc\include\string.h(112) : see declaration of 'strcpy'
       Link:
         C:\Program Files (x86)\Microsoft Visual Studio 12.0\VC\bin\link.exe /ERRORREPORT:PROMPT /OUT:"X:\_UTAS\BICT_3rd_year\KIT205 Data Structures and Algerithms (repeat)\Week 6 - Graphs\Week 6\Debug\Week 6.exe" /INCREMENTAL /NOLOGO kernel32.lib user32.lib gdi32.lib winspool.lib comdlg32.lib advapi32.lib shell32.lib ole32.lib oleaut32.lib uuid.lib odbc32.lib odbccp32.lib /MANIFEST /MANIFESTUAC:"level='asInvoker' uiAccess='false'" /manifest:embed /DEBUG /PDB:"X:\_UTAS\BICT_3rd_year\KIT205 Data Structures and Algerithms (repeat)\Week 6 - Graphs\Week 6\Debug\Week 6.pdb" /SUBSYSTEM:CONSOLE /TLBID:1 /DYNAMICBASE /NXCOMPAT /IMPLIB:"X:\_UTAS\BICT_3rd_year\KIT205 Data Structures and Algerithms (repeat)\Week 6 - Graphs\Week 6\Debug\Week 6.lib" /MACHINE:X86 Debug\main.obj
         Week 6.vcxproj -> X:\_UTAS\BICT_3rd_year\KIT205 Data Structures and Algerithms (repeat)\Week 6 - Graphs\Week 6\Debug\Week 6.exe
     1>Done Building Project "X:\_UTAS\BICT_3rd_year\KIT205 Data Structures and Algerithms (repeat)\Week 6 - Graphs\Week 6\Week 6\Week 6.vcxproj" (Build target(s)).

Build succeeded.

Time Elapsed 00:00:00.43
