Build started 31/05/2017 11:36:48 PM.
     1>Project "X:\_UTAS\BICT_3rd_year\KIT205 Data Structures and Algerithms (repeat)\Week 8 - Graphs\Week8\Week8\Week8.vcxproj" on node 2 (Build target(s)).
     1>ClCompile:
         C:\Program Files (x86)\Microsoft Visual Studio 12.0\VC\bin\CL.exe /c /ZI /nologo /W3 /WX- /Od /Oy- /D WIN32 /D _DEBUG /D _CONSOLE /D _LIB /D _UNICODE /D UNICODE /Gm /EHsc /RTC1 /MDd /GS /fp:precise /Zc:wchar_t /Zc:forScope /Fo"Debug\\" /Fd"Debug\vc120.pdb" /Gd /TC /analyze- /errorReport:prompt main.c
         main.c
     1>x:\_utas\bict_3rd_year\kit205 data structures and algerithms (repeat)\week 8 - graphs\week8\week8\main.c(24): warning C4996: 'scanf': This function or variable may be unsafe. Consider using scanf_s instead. To disable deprecation, use _CRT_SECURE_NO_WARNINGS. See online help for details.
                 c:\program files (x86)\microsoft visual studio 12.0\vc\include\stdio.h(283) : see declaration of 'scanf'
     1>x:\_utas\bict_3rd_year\kit205 data structures and algerithms (repeat)\week 8 - graphs\week8\week8\main.c(31): warning C4018: '<' : signed/unsigned mismatch
     1>x:\_utas\bict_3rd_year\kit205 data structures and algerithms (repeat)\week 8 - graphs\week8\week8\main.c(34): warning C4996: 'scanf': This function or variable may be unsafe. Consider using scanf_s instead. To disable deprecation, use _CRT_SECURE_NO_WARNINGS. See online help for details.
                 c:\program files (x86)\microsoft visual studio 12.0\vc\include\stdio.h(283) : see declaration of 'scanf'
     1>x:\_utas\bict_3rd_year\kit205 data structures and algerithms (repeat)\week 8 - graphs\week8\week8\main.c(40): warning C4018: '<' : signed/unsigned mismatch
     1>x:\_utas\bict_3rd_year\kit205 data structures and algerithms (repeat)\week 8 - graphs\week8\week8\main.c(43): warning C4996: 'scanf': This function or variable may be unsafe. Consider using scanf_s instead. To disable deprecation, use _CRT_SECURE_NO_WARNINGS. See online help for details.
                 c:\program files (x86)\microsoft visual studio 12.0\vc\include\stdio.h(283) : see declaration of 'scanf'
     1>x:\_utas\bict_3rd_year\kit205 data structures and algerithms (repeat)\week 8 - graphs\week8\week8\main.c(76): warning C4018: '<' : signed/unsigned mismatch
     1>x:\_utas\bict_3rd_year\kit205 data structures and algerithms (repeat)\week 8 - graphs\week8\week8\main.c(82): warning C4018: '<' : signed/unsigned mismatch
     1>x:\_utas\bict_3rd_year\kit205 data structures and algerithms (repeat)\week 8 - graphs\week8\week8\main.c(93): warning C4018: '<' : signed/unsigned mismatch
     1>x:\_utas\bict_3rd_year\kit205 data structures and algerithms (repeat)\week 8 - graphs\week8\week8\main.c(99): warning C4018: '<' : signed/unsigned mismatch
       Link:
         C:\Program Files (x86)\Microsoft Visual Studio 12.0\VC\bin\link.exe /ERRORREPORT:PROMPT /OUT:"X:\_UTAS\BICT_3rd_year\KIT205 Data Structures and Algerithms (repeat)\Week 8 - Graphs\Week8\Debug\Week8.exe" /INCREMENTAL /NOLOGO kernel32.lib user32.lib gdi32.lib winspool.lib comdlg32.lib advapi32.lib shell32.lib ole32.lib oleaut32.lib uuid.lib odbc32.lib odbccp32.lib /MANIFEST /MANIFESTUAC:"level='asInvoker' uiAccess='false'" /manifest:embed /DEBUG /PDB:"X:\_UTAS\BICT_3rd_year\KIT205 Data Structures and Algerithms (repeat)\Week 8 - Graphs\Week8\Debug\Week8.pdb" /SUBSYSTEM:CONSOLE /TLBID:1 /DYNAMICBASE /NXCOMPAT /IMPLIB:"X:\_UTAS\BICT_3rd_year\KIT205 Data Structures and Algerithms (repeat)\Week 8 - Graphs\Week8\Debug\Week8.lib" /MACHINE:X86 Debug\main.obj
         Week8.vcxproj -> X:\_UTAS\BICT_3rd_year\KIT205 Data Structures and Algerithms (repeat)\Week 8 - Graphs\Week8\Debug\Week8.exe
     1>Done Building Project "X:\_UTAS\BICT_3rd_year\KIT205 Data Structures and Algerithms (repeat)\Week 8 - Graphs\Week8\Week8\Week8.vcxproj" (Build target(s)).

Build succeeded.

Time Elapsed 00:00:00.67
